<?xml version="1.0" encoding="UTF-8"?>
<!-- Generated by org.testng.reporters.JUnitReportReporter -->
<testsuite hostname="Phams-MacBook-Pro.local" name="blueBird3TestNG.blueBird2CheckName" tests="1" failures="0" timestamp="18 Jan 2016 02:54:25 GMT" time="19.594" errors="0">
  <testcase name="verify3LoginSuccess" time="19.594" classname="blueBird3TestNG.blueBird2CheckName"/>
</testsuite> <!-- blueBird3TestNG.blueBird2CheckName -->
