<?xml version="1.0" encoding="UTF-8"?>
<!-- Generated by org.testng.reporters.JUnitReportReporter -->
<testsuite hostname="Phams-MacBook-Pro.local" name="blueBird.BBPages.Tests.FYPTest" tests="2" failures="0" timestamp="22 Jan 2016 08:26:13 GMT" time="1.114" errors="0">
  <testcase name="verifyLogInButton" time="0.291" classname="blueBird.BBPages.Tests.FYPTest"/>
  <testcase name="verifyFYPInvalidEmail" time="0.823" classname="blueBird.BBPages.Tests.FYPTest"/>
</testsuite> <!-- blueBird.BBPages.Tests.FYPTest -->
