<?xml version="1.0" encoding="UTF-8"?>
<!-- Generated by org.testng.reporters.JUnitReportReporter -->
<testsuite hostname="Phams-MacBook-Pro.local" name="blueBird3TestNG.blueBird2TestNGclass" tests="1" failures="0" timestamp="15 Jan 2016 02:55:24 GMT" time="20.102" errors="0">
  <testcase name="verify3LoginSuccess" time="20.102" classname="blueBird3TestNG.blueBird2TestNGclass"/>
</testsuite> <!-- blueBird3TestNG.blueBird2TestNGclass -->
