<?xml version="1.0" encoding="UTF-8"?>
<!-- Generated by org.testng.reporters.JUnitReportReporter -->
<testsuite hostname="Phams-MacBook-Pro.local" name="blueBird3TestNG.blueBird3TestNGclass" tests="2" failures="0" timestamp="18 Jan 2016 03:29:33 GMT" time="15.665" errors="0">
  <testcase name="verifyLoginSuccess" time="11.784" classname="blueBird3TestNG.blueBird3TestNGclass"/>
  <testcase name="verifyCreateAccount" time="3.881" classname="blueBird3TestNG.blueBird3TestNGclass"/>
</testsuite> <!-- blueBird3TestNG.blueBird3TestNGclass -->
