<?xml version="1.0" encoding="UTF-8"?>
<!-- Generated by org.testng.reporters.JUnitReportReporter -->
<testsuite hostname="Phams-MacBook-Pro.local" name="blueBird.BBPages.Tests.CreateNewDepartmentTest" tests="1" failures="0" timestamp="26 Jan 2016 08:38:31 GMT" time="36.711" errors="0">
  <testcase name="verifyCreateNewDepartment" time="36.711" classname="blueBird.BBPages.Tests.CreateNewDepartmentTest"/>
</testsuite> <!-- blueBird.BBPages.Tests.CreateNewDepartmentTest -->
